2022-05-27 14:31:06 [server.js] error: "username not found"
2022-05-27 14:31:29 [server.js] error: "username not found"
2022-05-30 09:10:23 [server.js] error: "Request failed with status code 401"
2022-05-30 09:10:38 [server.js] error: "Request failed with status code 401"
2022-06-02 14:21:05 [server.js] error: "Request failed with status code 401"
2022-06-07 10:45:09 [server.js] error: "Cannot read properties of null (reading 'pipe')"
2022-06-07 10:50:35 [server.js] error: "Error: SequelizeDatabaseError: Conversion failed when converting date and/or time from character string."
2022-06-07 11:31:26 [server.js] error: "Error: Error: RECIPIENT_ID is undefined"
2022-06-08 15:28:38 [server.js] error: "Error: Error: RECIPIENT_ID is undefined"
2022-06-08 15:29:36 [server.js] error: "Error: Error: RECIPIENT_ID is undefined"
2022-06-08 15:30:14 [server.js] error: "Error: Error: RECIPIENT_ID is undefined"
2022-06-10 10:46:55 [server.js] error: "Cannot read properties of null (reading 'pipe')"
2022-06-10 10:47:00 [server.js] error: "Cannot read properties of null (reading 'pipe')"
2022-06-10 15:04:18 [server.js] error: "TypeError: genToken.createTokenPDF is not a function"
2022-06-10 15:04:48 [server.js] error: "SequelizeDatabaseError: Invalid usage of the option NEXT in the FETCH statement."
2022-06-10 15:06:50 [server.js] error: "SequelizeDatabaseError: Invalid usage of the option NEXT in the FETCH statement."
2022-06-10 15:06:52 [server.js] error: "SequelizeDatabaseError: Invalid usage of the option NEXT in the FETCH statement."
2022-06-10 15:06:58 [server.js] error: "SequelizeDatabaseError: Invalid usage of the option NEXT in the FETCH statement."
2022-06-10 16:33:03 [server.js] error: "TypeError: genToken.createTokenPDF is not a function"
2022-06-15 15:46:57 [server.js] error: "TypeError: genToken.createTokenPDF is not a function"
2022-06-22 09:52:09 [server.js] error: "SequelizeAccessDeniedError: Login failed for user 'chalee.pi'."
2022-06-22 09:52:20 [server.js] error: "Login failed for user 'chalee.pi'."
2022-07-04 10:37:45 [server.js] error: "SequelizeDatabaseError: Conversion failed when converting date and/or time from character string."
2022-07-04 10:37:50 [server.js] error: "SequelizeDatabaseError: Conversion failed when converting date and/or time from character string."
2022-07-04 10:37:53 [server.js] error: "SequelizeDatabaseError: Conversion failed when converting date and/or time from character string."
2022-07-04 11:51:37 [server.js] error: "Request failed with status code 401"
2022-07-04 11:51:42 [server.js] error: "SequelizeDatabaseError: Conversion failed when converting date and/or time from character string."
2022-07-04 11:51:46 [server.js] error: "Request failed with status code 401"
2022-07-04 11:52:16 [server.js] error: "Request failed with status code 401"
2022-07-04 11:52:24 [server.js] error: "SequelizeDatabaseError: Conversion failed when converting date and/or time from character string."
2022-07-04 11:52:46 [server.js] error: "SequelizeDatabaseError: Conversion failed when converting date and/or time from character string."
2022-07-04 11:52:54 [server.js] error: "SequelizeDatabaseError: Conversion failed when converting date and/or time from character string."
2022-07-04 11:52:56 [server.js] error: "SequelizeDatabaseError: Conversion failed when converting date and/or time from character string."
2022-07-04 11:53:01 [server.js] error: "SequelizeDatabaseError: Conversion failed when converting date and/or time from character string."
2022-07-04 11:53:02 [server.js] error: "SequelizeDatabaseError: Conversion failed when converting date and/or time from character string."
2022-07-04 11:57:39 [server.js] error: "SequelizeDatabaseError: Conversion failed when converting date and/or time from character string."
2022-07-04 11:57:44 [server.js] error: "SequelizeDatabaseError: Conversion failed when converting date and/or time from character string."
2022-07-04 11:57:48 [server.js] error: "SequelizeDatabaseError: Conversion failed when converting date and/or time from character string."
2022-07-04 11:57:49 [server.js] error: "SequelizeDatabaseError: Conversion failed when converting date and/or time from character string."
2022-07-04 11:57:50 [server.js] error: "SequelizeDatabaseError: Conversion failed when converting date and/or time from character string."
2022-07-04 11:57:51 [server.js] error: "SequelizeDatabaseError: Conversion failed when converting date and/or time from character string."
2022-07-04 11:57:51 [server.js] error: "SequelizeDatabaseError: Conversion failed when converting date and/or time from character string."
2022-07-04 11:57:53 [server.js] error: "SequelizeDatabaseError: Conversion failed when converting date and/or time from character string."
2022-07-04 11:57:54 [server.js] error: "SequelizeDatabaseError: Conversion failed when converting date and/or time from character string."
2022-07-04 11:57:54 [server.js] error: "SequelizeDatabaseError: Conversion failed when converting date and/or time from character string."
2022-07-04 11:57:55 [server.js] error: "SequelizeDatabaseError: Conversion failed when converting date and/or time from character string."
2022-07-04 12:01:01 [server.js] error: "SequelizeDatabaseError: Conversion failed when converting date and/or time from character string."
2022-07-04 12:01:08 [server.js] error: "SequelizeDatabaseError: Conversion failed when converting date and/or time from character string."
2022-07-04 12:01:09 [server.js] error: "SequelizeDatabaseError: Conversion failed when converting date and/or time from character string."
2022-07-04 12:18:27 [server.js] error: "SequelizeDatabaseError: Conversion failed when converting date and/or time from character string."
2022-07-04 12:18:29 [server.js] error: "SequelizeDatabaseError: Conversion failed when converting date and/or time from character string."
2022-07-04 13:03:44 [server.js] error: "SequelizeDatabaseError: Conversion failed when converting date and/or time from character string."
2022-07-04 13:03:50 [server.js] error: "SequelizeDatabaseError: Conversion failed when converting date and/or time from character string."
2022-07-04 13:03:52 [server.js] error: "SequelizeDatabaseError: Conversion failed when converting date and/or time from character string."
2022-07-04 13:03:57 [server.js] error: "SequelizeDatabaseError: Conversion failed when converting date and/or time from character string."
2022-07-04 13:04:16 [server.js] error: "SequelizeDatabaseError: Conversion failed when converting date and/or time from character string."
2022-07-04 13:04:19 [server.js] error: "SequelizeDatabaseError: Conversion failed when converting date and/or time from character string."
2022-07-04 13:04:23 [server.js] error: "SequelizeDatabaseError: Conversion failed when converting date and/or time from character string."
2022-07-04 13:14:46 [server.js] error: "SequelizeDatabaseError: Conversion failed when converting date and/or time from character string."
2022-07-04 13:14:58 [server.js] error: "SequelizeDatabaseError: Conversion failed when converting date and/or time from character string."
2022-07-04 13:15:48 [server.js] error: "SequelizeDatabaseError: Conversion failed when converting date and/or time from character string."
2022-07-04 13:17:38 [server.js] error: "Error: SequelizeDatabaseError: Conversion failed when converting date and/or time from character string."
2022-07-04 13:17:54 [server.js] error: "SequelizeDatabaseError: Conversion failed when converting date and/or time from character string."
2022-07-04 13:18:17 [server.js] error: "Error: SequelizeDatabaseError: Conversion failed when converting date and/or time from character string."
2022-07-04 13:18:26 [server.js] error: "Error: SequelizeDatabaseError: Conversion failed when converting date and/or time from character string."
2022-07-04 13:18:36 [server.js] error: "Error: SequelizeDatabaseError: Conversion failed when converting date and/or time from character string."
2022-07-04 13:19:14 [server.js] error: "SequelizeDatabaseError: Conversion failed when converting date and/or time from character string."
2022-07-04 13:19:29 [server.js] error: "SequelizeDatabaseError: Conversion failed when converting date and/or time from character string."
2022-07-11 10:03:31 [server.js] error: "Request failed with status code 401"
2022-07-15 11:40:12 [server.js] error: "Invalid object name 'TB_MEMBER'."
2022-07-15 11:41:04 [server.js] error: "Invalid object name 'TB_MEMBER'."
2022-07-15 11:41:45 [server.js] error: "Invalid object name 'TB_MEMBER'."
2022-07-15 11:44:13 [server.js] error: "ReferenceError: revenueRows is not defined"
2022-07-15 11:44:21 [server.js] error: "ReferenceError: revenueRows is not defined"
2022-07-15 11:44:27 [server.js] error: "ReferenceError: revenueRows is not defined"
2022-07-15 11:45:20 [server.js] error: "ReferenceError: revenueRows is not defined"
2022-07-15 11:45:26 [server.js] error: "ReferenceError: revenueRows is not defined"
2022-07-15 11:45:48 [server.js] error: "ReferenceError: revenueRows is not defined"
2022-07-15 11:51:37 [server.js] error: "ReferenceError: revenueRows is not defined"
2022-07-15 11:51:46 [server.js] error: "ReferenceError: revenueRows is not defined"
2022-07-15 11:52:16 [server.js] error: "ReferenceError: revenueRows is not defined"
2022-07-15 11:53:29 [server.js] error: "ReferenceError: revenueRows is not defined"
2022-07-15 13:54:51 [server.js] error: "Cannot read properties of null (reading 'pipe')"
2022-07-18 09:25:50 [server.js] error: "Cannot read properties of null (reading 'pipe')"
2022-07-18 09:27:57 [server.js] error: "Cannot read properties of null (reading 'pipe')"
2022-07-18 10:35:44 [server.js] error: "SequelizeBaseError: SequelizeBaseError: Not found information"
2022-07-18 10:35:59 [server.js] error: "SequelizeBaseError: SequelizeBaseError: Not found information"
2022-07-18 10:36:28 [server.js] error: "SequelizeBaseError: SequelizeBaseError: Not found information"
2022-07-18 10:36:50 [server.js] error: "TypeError: Class constructor BaseError cannot be invoked without 'new'"
2022-07-18 10:37:05 [server.js] error: "TypeError: Class constructor BaseError cannot be invoked without 'new'"
2022-07-18 10:37:16 [server.js] error: "SequelizeBaseError: SequelizeBaseError: Not found information"
2022-07-18 10:38:17 [server.js] error: "SequelizeBaseError: SequelizeBaseError: Not found informationsssss"
2022-07-18 10:39:03 [server.js] error: "SequelizeBaseError: SequelizeBaseError: Not found informationsssss"
2022-07-18 10:39:10 [server.js] error: "SequelizeBaseError: SequelizeBaseError: Not found informationsssss"
2022-07-18 10:39:39 [server.js] error: "SequelizeBaseError: SequelizeBaseError: Not found informationsssss"
2022-07-18 10:39:46 [server.js] error: "SequelizeBaseError: SequelizeBaseError: Not found informationsssss"
2022-07-18 10:39:56 [server.js] error: "SequelizeBaseError: SequelizeBaseError: Not found informationsssss"
2022-07-18 10:40:01 [server.js] error: "SequelizeBaseError: SequelizeBaseError: Not found informationsssss"
2022-07-18 10:40:15 [server.js] error: "SequelizeBaseError: SequelizeBaseError: Not found informationsssss"
2022-07-18 10:40:22 [server.js] error: "SequelizeBaseError: SequelizeBaseError: Not found informationsssss"
2022-07-18 10:42:15 [server.js] error: "SequelizeBaseError: SequelizeBaseError: Not found informationsssss"
2022-07-18 10:42:30 [server.js] error: "SequelizeBaseError: SequelizeBaseError: Not found informationsssss"
2022-07-18 10:47:30 [server.js] error: "SequelizeBaseError: SequelizeBaseError: Not found informationsssss"
2022-07-18 10:47:37 [server.js] error: "SequelizeBaseError: SequelizeBaseError: Not found informationsssss"
2022-07-18 10:48:38 [server.js] error: "SequelizeBaseError: SequelizeBaseError: Not found informationsssss"
2022-07-18 10:48:41 [server.js] error: "SequelizeBaseError: SequelizeBaseError: Not found informationsssss"
2022-07-18 10:49:14 [server.js] error: "SequelizeBaseError: SequelizeBaseError: Not found informationsssss"
2022-07-18 11:28:33 [server.js] error: "SequelizeBaseError: SequelizeBaseError: Not found information"
2022-07-18 11:29:06 [server.js] error: "SequelizeBaseError: Not found information"
2022-07-18 11:29:20 [server.js] error: "SequelizeBaseError: Not found information"
2022-07-18 11:31:34 [server.js] error: "SequelizeBaseError: Not found information"
2022-07-18 11:32:17 [server.js] error: "error is not defined"
2022-07-18 11:32:29 [server.js] error: "SequelizeBaseError: Not found information"
2022-07-18 11:32:49 [server.js] error: "Not found information"
2022-07-18 13:40:46 [server.js] error: "Error: SequelizeDatabaseError: socket hang up"
2022-07-18 13:41:03 [server.js] error: "Error: SequelizeConnectionError: Failed to connect to 192.168.39.6:1433 in 15000ms"
2022-07-19 15:12:08 [server.js] error: "recipient_id not found"
2022-07-19 15:12:15 [server.js] error: "recipient_id not found"
2022-07-19 15:12:30 [server.js] error: "recipient_id not found"
2022-07-19 15:22:52 [server.js] error: "Request failed with status code 400"
2022-07-19 15:24:49 [server.js] error: "Request failed with status code 400"
2022-07-19 15:26:16 [server.js] error: "Request failed with status code 400"
2022-07-19 15:26:39 [server.js] error: "Cannot read properties of undefined (reading 'findOne')"
2022-07-19 15:26:57 [server.js] error: "Request failed with status code 400"
2022-07-19 15:27:04 [server.js] error: "Cannot read properties of undefined (reading 'findOne')"
2022-07-19 15:27:55 [server.js] error: "Cannot read properties of undefined (reading 'findOne')"
2022-07-19 15:29:33 [server.js] error: "Cannot read properties of undefined (reading 'findOne')"
2022-07-19 15:40:56 [server.js] error: "Cannot read properties of undefined (reading 'findOne')"
2022-07-19 15:43:32 [server.js] error: "Invalid column name 'id'."
2022-07-19 15:44:04 [server.js] error: "Invalid column name 'id'."
2022-07-19 15:46:02 [server.js] error: "loginRecipient is not defined"
2022-07-20 08:53:43 [server.js] error: "TypeError: Assignment to constant variable."
2022-07-20 08:53:43 [server.js] error: "TypeError: Assignment to constant variable."
2022-07-20 08:53:45 [server.js] error: "TypeError: Assignment to constant variable."
2022-07-20 08:53:46 [server.js] error: "TypeError: Assignment to constant variable."
2022-07-20 08:54:03 [server.js] error: "TypeError: Assignment to constant variable."
2022-07-20 08:54:03 [server.js] error: "TypeError: Assignment to constant variable."
2022-07-20 08:54:19 [server.js] error: "TypeError: Assignment to constant variable."
2022-07-20 08:54:19 [server.js] error: "TypeError: Assignment to constant variable."
2022-07-20 08:54:40 [server.js] error: "TypeError: Assignment to constant variable."
2022-07-20 08:54:43 [server.js] error: "TypeError: Assignment to constant variable."
2022-07-20 08:55:13 [server.js] error: "TypeError: Assignment to constant variable."
2022-07-20 08:55:13 [server.js] error: "TypeError: Assignment to constant variable."
2022-07-20 08:55:33 [server.js] error: "TypeError: Assignment to constant variable."
2022-07-20 08:56:30 [server.js] error: "TypeError: Assignment to constant variable."
2022-07-20 08:56:30 [server.js] error: "TypeError: Assignment to constant variable."
2022-07-20 08:57:33 [server.js] error: "TypeError: Assignment to constant variable."
2022-07-20 08:57:33 [server.js] error: "TypeError: Assignment to constant variable."
2022-07-20 08:59:23 [server.js] error: "TypeError: Assignment to constant variable."
2022-07-20 08:59:23 [server.js] error: "TypeError: Assignment to constant variable."
2022-07-20 09:04:38 [server.js] error: "TypeError: Assignment to constant variable."
2022-07-20 09:04:38 [server.js] error: "TypeError: Assignment to constant variable."
2022-07-20 09:16:06 [server.js] error: "TypeError: Assignment to constant variable."
2022-07-20 09:16:06 [server.js] error: "TypeError: Assignment to constant variable."
2022-07-20 09:18:28 [server.js] error: "Error: Invalid value {\n  ROLE: null,\n  RECIPIENT_ID: 'ACC001',\n  iat: 1658282190,\n  exp: 1658368590\n}"
2022-07-20 09:18:28 [server.js] error: "Error: Invalid value {\n  ROLE: null,\n  RECIPIENT_ID: 'ACC001',\n  iat: 1658282190,\n  exp: 1658368590\n}"
2022-07-20 09:18:51 [server.js] error: "Error: Invalid value {\n  ROLE: null,\n  RECIPIENT_ID: 'ACC001',\n  iat: 1658282190,\n  exp: 1658368590\n}"
2022-07-20 09:18:51 [server.js] error: "Error: Invalid value {\n  ROLE: null,\n  RECIPIENT_ID: 'ACC001',\n  iat: 1658282190,\n  exp: 1658368590\n}"
2022-07-20 09:24:09 [server.js] error: "Error: Invalid value {\n  ROLE: null,\n  RECIPIENT_ID: 'ACC001',\n  iat: 1658282190,\n  exp: 1658368590\n}"
2022-07-20 09:24:09 [server.js] error: "Error: Invalid value {\n  ROLE: null,\n  RECIPIENT_ID: 'ACC001',\n  iat: 1658282190,\n  exp: 1658368590\n}"
2022-07-20 09:24:39 [server.js] error: "Error: Invalid value {\n  ROLE: null,\n  RECIPIENT_ID: 'ACC001',\n  iat: 1658282190,\n  exp: 1658368590\n}"
2022-07-20 09:24:39 [server.js] error: "Error: Invalid value {\n  ROLE: null,\n  RECIPIENT_ID: 'ACC001',\n  iat: 1658282190,\n  exp: 1658368590\n}"
2022-07-20 09:25:28 [server.js] error: "Error: Invalid value {\n  ROLE: null,\n  RECIPIENT_ID: 'ACC001',\n  iat: 1658282190,\n  exp: 1658368590\n}"
2022-07-20 09:25:28 [server.js] error: "Error: Invalid value {\n  ROLE: null,\n  RECIPIENT_ID: 'ACC001',\n  iat: 1658282190,\n  exp: 1658368590\n}"
2022-07-20 09:26:12 [server.js] error: "Error: Invalid value {\n  ROLE: null,\n  RECIPIENT_ID: 'ACC001',\n  iat: 1658282190,\n  exp: 1658368590\n}"
2022-07-20 09:26:12 [server.js] error: "Error: Invalid value {\n  ROLE: null,\n  RECIPIENT_ID: 'ACC001',\n  iat: 1658282190,\n  exp: 1658368590\n}"
2022-07-21 09:30:24 [server.js] error: "Cannot read properties of undefined (reading 'ADMIN')"
2022-07-21 09:30:48 [server.js] error: "Cannot read properties of undefined (reading 'ADMIN')"
2022-07-21 09:32:24 [server.js] error: "Cannot read properties of undefined (reading 'ADMIN')"
2022-07-21 09:33:46 [server.js] error: "Cannot read properties of undefined (reading 'ADMIN')"
2022-07-21 09:34:38 [server.js] error: "Cannot read properties of undefined (reading 'role')"
2022-07-22 11:35:42 [server.js] error: "recipient_id not found"
2022-07-22 11:37:23 [server.js] error: "recipient_id not found"
2022-07-22 11:38:14 [server.js] error: "recipient_id not found"
2022-07-22 11:38:27 [server.js] error: "recipient_id not found"
2022-07-22 11:39:04 [server.js] error: "recipient_id not found"
2022-07-22 11:45:07 [server.js] error: "recipient_id not found"
2022-07-22 11:45:33 [server.js] error: "recipient_id not found"
2022-07-22 11:46:41 [server.js] error: "recipient_id not found"
2022-07-22 11:46:48 [server.js] error: "recipient_id not found"
2022-07-22 11:47:25 [server.js] error: "recipient_id not found"
2022-07-22 11:47:42 [server.js] error: "recipient_id not found"
2022-07-22 14:30:45 [server.js] error: "recipient_id not found"
2022-07-25 09:23:21 [server.js] error: "loginRecipient is not defined"
2022-07-25 09:31:45 [server.js] error: "recipientlll_id not found"
2022-07-25 09:55:20 [server.js] error: "recipient_id not found"
2022-07-25 09:55:54 [server.js] error: "recipient_id not found"
2022-07-25 09:56:36 [server.js] error: "recipient_id not found"
2022-07-25 09:56:39 [server.js] error: "recipient_id not found"
2022-07-25 10:07:41 [server.js] error: "Cannot set properties of undefined (setting 'RECIPIENT_ID')"
2022-07-25 10:08:07 [server.js] error: "Cannot set properties of undefined (setting 'RECIPIENT_ID')"
2022-07-26 10:21:48 [server.js] error: "Error: Not found recipient ID"
2022-07-26 10:21:48 [server.js] error: "Error: Not found recipient ID"
2022-07-26 10:22:21 [server.js] error: "Error: Not found recipient ID"
2022-07-26 10:22:21 [server.js] error: "Error: Not found recipient ID"
2022-07-26 10:22:30 [server.js] error: "Error: Not found recipient ID"
2022-07-26 10:22:31 [server.js] error: "Error: Not found recipient ID"
2022-07-26 10:23:14 [server.js] error: "Error: RECIPIENT_ID is undefined"
2022-07-26 10:23:14 [server.js] error: "Error: RECIPIENT_ID is undefined"
2022-07-26 10:26:31 [server.js] error: "Error: RECIPIENT_ID is undefined"
2022-07-26 10:26:31 [server.js] error: "Error: RECIPIENT_ID is undefined"
2022-07-26 10:26:35 [server.js] error: "Error: RECIPIENT_ID is undefined"
2022-07-26 10:32:53 [server.js] error: "Error: RECIPIENT_ID is undefined"
2022-07-26 10:32:53 [server.js] error: "Error: RECIPIENT_ID is undefined"
2022-07-26 10:34:12 [server.js] error: "Error: RECIPIENT_ID is undefined"
2022-07-26 10:34:12 [server.js] error: "Error: RECIPIENT_ID is undefined"
2022-07-26 10:34:16 [server.js] error: "Error: RECIPIENT_ID is undefined"
2022-07-26 10:58:59 [server.js] error: "Error: Not found recipient ID"
2022-07-26 11:00:36 [server.js] error: "Error: Not found recipient ID"
2022-07-26 11:00:36 [server.js] error: "Error: Not found recipient ID"
2022-07-26 11:01:28 [server.js] error: "Error: Not found recipient ID"
2022-07-26 11:01:28 [server.js] error: "Error: Not found recipient ID"
2022-07-26 11:02:23 [server.js] error: "Error: Not found recipient ID"
2022-07-26 11:02:23 [server.js] error: "Error: Not found recipient ID"
2022-07-26 11:05:21 [server.js] error: "Error: Not found recipient ID"
2022-07-26 11:05:21 [server.js] error: "Error: Not found recipient ID"
2022-07-26 11:05:54 [server.js] error: "Error: Not found recipient ID"
2022-07-26 11:05:54 [server.js] error: "Error: Not found recipient ID"
2022-07-26 11:21:02 [server.js] error: "TypeError: Cannot read properties of undefined (reading 'ADMIN')"
2022-07-27 13:24:11 [server.js] error: "Request failed with status code 401"
2022-07-27 13:24:24 [server.js] error: "Request failed with status code 401"
2022-07-27 13:24:34 [server.js] error: "Request failed with status code 401"
2022-07-27 13:24:49 [server.js] error: "Request failed with status code 401"
2022-07-27 13:24:53 [server.js] error: "Request failed with status code 401"
2022-07-27 13:25:03 [server.js] error: "Request failed with status code 401"
2022-07-27 16:36:53 [server.js] error: "SequelizeDatabaseError: Ambiguous column name 'RECIPIENT_ID'."
2022-07-27 16:41:32 [server.js] error: "SequelizeDatabaseError: Ambiguous column name 'RECIPIENT_ID'."
2022-07-27 16:58:42 [server.js] error: "SequelizeDatabaseError: Ambiguous column name 'RECIPIENT_ID'."
2022-07-27 17:03:53 [server.js] error: "SequelizeDatabaseError: Ambiguous column name 'RECIPIENT_ID'."
2022-07-27 17:04:32 [server.js] error: "SequelizeDatabaseError: The multi-part identifier \"TR.NAME\" could not be bound."
2022-08-02 15:51:42 [server.js] error: "Error: RECIPIENT_ID is undefined"
2022-08-02 16:26:32 [server.js] error: "Error: RECIPIENT_ID is undefined"
2022-08-02 16:26:32 [server.js] error: "Error: RECIPIENT_ID is undefined"
2022-08-03 10:55:49 [server.js] error: "Error: RECIPIENT_ID is undefined"
2022-08-03 14:30:47 [server.js] error: "Error: RECIPIENT_ID is undefined"
2022-08-03 14:31:08 [server.js] error: "Error: RECIPIENT_ID is undefined"
2022-08-03 14:35:13 [server.js] error: "Error: RECIPIENT_ID is undefined"
2022-08-03 14:35:32 [server.js] error: "Error: RECIPIENT_ID is undefined"
2022-08-03 14:35:36 [server.js] error: "Error: RECIPIENT_ID is undefined"
2022-08-03 14:36:07 [server.js] error: "RECIPIENT_ID is undefined"
2022-08-03 14:36:51 [server.js] error: "RECIPIENT_ID is undefined"
2022-08-03 14:38:38 [server.js] error: "RECIPIENT_ID is undefined"
2022-08-08 13:31:19 [server.js] error: "Failed to connect to 192.168.39.6:1433 in 15000ms"
2022-08-08 14:02:33 [server.js] error: "RECIPIENT_ID is undefined"
2022-08-08 14:02:49 [server.js] error: "RECIPIENT_ID is undefined"
2022-08-08 17:16:54 [server.js] error: "Error converting data type nvarchar to numeric."
2022-08-08 17:17:01 [server.js] error: "Error converting data type nvarchar to numeric."
2022-08-08 17:17:21 [server.js] error: "Error converting data type nvarchar to numeric."
2022-08-08 17:17:31 [server.js] error: "Error converting data type nvarchar to numeric."
2022-08-08 17:18:18 [server.js] error: "Error converting data type nvarchar to numeric."
2022-08-09 10:22:56 [server.js] error: "RECIPIENT_ID is undefined"
2022-08-09 14:11:24 [server.js] error: "Error converting data type nvarchar to numeric."
2022-08-09 14:42:18 [server.js] error: "RECIPIENT_ID is undefined"
2022-08-09 14:42:56 [server.js] error: "RECIPIENT_ID is undefined"
2022-08-09 14:44:58 [server.js] error: "RECIPIENT_ID is undefined"
2022-08-09 14:46:19 [server.js] error: "RECIPIENT_ID is undefined"
2022-08-09 14:46:26 [server.js] error: "RECIPIENT_ID is undefined"
2022-08-09 14:47:42 [server.js] error: "RECIPIENT_ID is undefined"
2022-08-09 14:47:57 [server.js] error: "RECIPIENT_ID is undefined"
2022-08-09 14:48:48 [server.js] error: "Invalid usage of the option NEXT in the FETCH statement."
2022-08-09 14:49:35 [server.js] error: "Invalid usage of the option NEXT in the FETCH statement."
2022-08-09 14:52:07 [server.js] error: "Invalid usage of the option NEXT in the FETCH statement."
2022-08-09 14:53:09 [server.js] error: "Invalid usage of the option NEXT in the FETCH statement."
2022-08-09 14:53:13 [server.js] error: "Invalid usage of the option NEXT in the FETCH statement."
2022-08-09 14:54:35 [server.js] error: "The multi-part identifier \"ANDOT.TRANSACTION_DATE\" could not be bound."
2022-08-09 14:55:00 [server.js] error: "Invalid usage of the option NEXT in the FETCH statement."
2022-08-09 14:55:27 [server.js] error: "Invalid usage of the option NEXT in the FETCH statement."
2022-08-09 14:55:37 [server.js] error: "Invalid usage of the option NEXT in the FETCH statement."
2022-08-09 14:56:21 [server.js] error: "Invalid usage of the option NEXT in the FETCH statement."
2022-08-09 14:56:59 [server.js] error: "Invalid usage of the option NEXT in the FETCH statement."
2022-08-09 14:57:23 [server.js] error: "Invalid usage of the option NEXT in the FETCH statement."
2022-08-09 14:58:22 [server.js] error: "Invalid usage of the option NEXT in the FETCH statement."
2022-08-09 14:59:12 [server.js] error: "Invalid usage of the option NEXT in the FETCH statement."
2022-08-09 14:59:48 [server.js] error: "Invalid usage of the option NEXT in the FETCH statement."
2022-08-09 14:59:59 [server.js] error: "Invalid usage of the option NEXT in the FETCH statement."
2022-08-09 15:01:52 [server.js] error: "RECIPIENT_ID is undefined"
2022-08-09 15:03:18 [server.js] error: "Invalid usage of the option NEXT in the FETCH statement."
2022-08-09 15:06:06 [server.js] error: "Invalid usage of the option NEXT in the FETCH statement."
2022-08-09 15:06:23 [server.js] error: "Invalid usage of the option NEXT in the FETCH statement."
2022-08-09 15:06:43 [server.js] error: "Invalid usage of the option NEXT in the FETCH statement."
2022-08-09 15:07:09 [server.js] error: "Invalid usage of the option NEXT in the FETCH statement."
2022-08-09 15:07:34 [server.js] error: "Invalid usage of the option NEXT in the FETCH statement."
2022-08-09 15:07:50 [server.js] error: "Invalid usage of the option NEXT in the FETCH statement."
2022-08-09 15:07:50 [server.js] error: "Invalid usage of the option NEXT in the FETCH statement."
2022-08-09 15:07:50 [server.js] error: "Invalid usage of the option NEXT in the FETCH statement."
2022-08-09 15:07:57 [server.js] error: "Invalid usage of the option NEXT in the FETCH statement."
2022-08-09 15:08:01 [server.js] error: "Invalid usage of the option NEXT in the FETCH statement."
2022-08-09 15:08:02 [server.js] error: "Invalid usage of the option NEXT in the FETCH statement."
2022-08-09 15:08:29 [server.js] error: "Invalid usage of the option NEXT in the FETCH statement."
2022-08-09 15:08:37 [server.js] error: "Invalid usage of the option NEXT in the FETCH statement."
2022-08-09 15:09:47 [server.js] error: "Invalid usage of the option NEXT in the FETCH statement."
2022-08-09 15:10:00 [server.js] error: "first is not defined"
2022-08-09 15:10:17 [server.js] error: "Invalid usage of the option NEXT in the FETCH statement."
2022-08-09 15:10:39 [server.js] error: "Invalid usage of the option NEXT in the FETCH statement."
2022-08-09 15:11:25 [server.js] error: "Invalid usage of the option NEXT in the FETCH statement."
2022-08-09 15:13:23 [server.js] error: "Invalid usage of the option NEXT in the FETCH statement."
2022-08-09 16:25:42 [server.js] error: "Invalid usage of the option NEXT in the FETCH statement."
2022-08-09 16:25:44 [server.js] error: "Invalid usage of the option NEXT in the FETCH statement."
2022-08-09 16:26:08 [server.js] error: "Invalid usage of the option NEXT in the FETCH statement."
2022-08-09 16:26:25 [server.js] error: "Invalid usage of the option NEXT in the FETCH statement."
2022-08-09 16:26:53 [server.js] error: "Invalid usage of the option NEXT in the FETCH statement."
2022-08-09 16:28:50 [server.js] error: "Invalid column name 'AMOUNTT'."
2022-08-10 10:11:08 [server.js] error: "Error converting data type nvarchar to numeric."
2022-08-10 10:27:15 [server.js] error: "Error converting data type nvarchar to numeric."
2022-08-10 10:27:16 [server.js] error: "Error converting data type nvarchar to numeric."
2022-08-10 10:27:25 [server.js] error: "Error converting data type nvarchar to numeric."
2022-08-10 16:00:08 [server.js] error: "a is not defined"
2022-08-10 16:26:43 [server.js] error: "Named parameter \":mm\" has no value in the given object."
2022-08-10 16:27:10 [server.js] error: "Named parameter \":mm\" has no value in the given object."
2022-08-10 16:27:55 [server.js] error: "Named parameter \":mm\" has no value in the given object."
2022-08-10 16:28:22 [server.js] error: "Named parameter \":mm\" has no value in the given object."
2022-08-10 16:28:51 [server.js] error: "Named parameter \":mm\" has no value in the given object."
2022-08-10 16:31:23 [server.js] error: "Invalid usage of the option NEXT in the FETCH statement."
2022-08-10 16:32:21 [server.js] error: "Named parameter \":mm\" has no value in the given object."
2022-08-10 16:43:57 [server.js] error: "Named parameter \":mm\" has no value in the given object."
2022-08-10 16:51:16 [server.js] error: "Named parameter \":mm\" has no value in the given object."
2022-08-10 16:53:59 [server.js] error: "Both `replacements` and `bind` cannot be set at the same time"
2022-08-10 16:56:23 [server.js] error: "Both `replacements` and `bind` cannot be set at the same time"
2022-08-10 17:05:41 [server.js] error: "Both `replacements` and `bind` cannot be set at the same time"
2022-08-18 14:59:08 [server.js] error: "Error: The startdate and enddate must be the same."
2022-08-18 15:00:18 [server.js] error: "Error: The startdate and enddate must be the same."
2022-08-18 15:01:51 [server.js] error: "Error: The startdate and enddate must be the same."
2022-08-18 15:02:52 [server.js] error: "Error: The startdate and enddate must be the same."
2022-08-18 15:03:06 [server.js] error: "Error: The startdate and enddate must be the same."
2022-08-18 15:05:14 [server.js] error: "Error: The startdate and enddate must be the same."
2022-08-19 10:41:23 [server.js] error: "series is not defined"
2022-08-22 15:59:27 [server.js] error: "Cannot find data from 2023 year"
2022-08-22 15:59:33 [server.js] error: "The startdate and enddate must be the same."
2022-08-22 15:59:36 [server.js] error: "Cannot find data from 2023 year"
2022-08-22 16:41:12 [server.js] error: "Cannot find data from 2023 year"
2022-08-23 16:01:11 [server.js] error: "Cannot find data from 2022 year"
2022-08-23 16:01:50 [server.js] error: "Cannot find data from 2022 year"
2022-08-23 16:02:47 [server.js] error: "Cannot find data from 2022 year"
2022-08-23 16:04:21 [server.js] error: "Cannot not find any future information."
2022-08-23 16:04:30 [server.js] error: "Cannot not find any future information."
2022-08-23 16:11:27 [server.js] error: "Cannot not find any future information."
2022-08-23 16:11:48 [server.js] error: "Cannot not find any future information."
2022-08-23 16:11:52 [server.js] error: "The startdate and enddate must be the same."
2022-08-23 16:15:45 [server.js] error: "Cannot not find any future information."
2022-08-23 16:19:34 [server.js] error: "Cannot not find any future information."
2022-08-23 16:20:57 [server.js] error: "The startdate and enddate must be the same."
2022-08-23 16:21:07 [server.js] error: "thisMonth is not defined"
2022-08-23 16:28:52 [server.js] error: "thisMonth is not defined"
2022-08-23 16:28:52 [server.js] error: "thisMonth is not defined"
2022-08-23 16:31:04 [server.js] error: "Cannot not find any future information."
2022-08-23 16:32:58 [server.js] error: "Cannot not find any future information."
2022-08-23 16:33:35 [server.js] error: "Cannot not find any future information."
2022-08-23 16:34:20 [server.js] error: "Cannot not find any future information."
2022-08-23 16:45:43 [server.js] error: "Cannot not find any future information."
2022-08-23 16:46:09 [server.js] error: "Cannot not find any future information."
2022-08-23 16:47:46 [server.js] error: "Cannot not find any future information."
2022-08-23 16:48:11 [server.js] error: "Cannot not find any future information."
2022-08-23 16:48:40 [server.js] error: "Cannot not find any future information."
2022-08-23 16:49:33 [server.js] error: "Cannot not find any future information."
2022-08-23 16:50:04 [server.js] error: "Cannot not find any future information."
2022-08-23 16:55:52 [server.js] error: "summaryData is not defined"
2022-08-23 16:59:40 [server.js] error: "summaryData is not defined"
2022-08-23 16:59:55 [server.js] error: "thisMonththisYear is not defined"
2022-08-23 17:01:39 [server.js] error: "Cannot not find any future information."
2022-08-24 09:03:59 [server.js] error: "Cannot convert undefined or null to object"
2022-08-24 09:05:16 [server.js] error: "Cannot convert undefined or null to object"
2022-08-24 09:35:44 [server.js] error: "PAYTYPE is not defined"
2022-08-24 09:40:39 [server.js] error: "p is not defined"
2022-08-24 09:40:51 [server.js] error: "p is not defined"
2022-08-24 10:33:55 [server.js] error: "object is not defined"
2022-08-24 10:35:22 [server.js] error: "Cannot read properties of undefined (reading 'length')"
2022-08-24 11:17:35 [server.js] error: "bankCode is not defined"
2022-08-24 11:17:58 [server.js] error: "bankCode1 is not defined"
2022-08-24 13:27:07 [server.js] error: "Employee is not defined"
2022-08-24 14:28:26 [server.js] error: "payOption is not defined"
2022-08-24 14:32:43 [server.js] error: "payOption is not defined"
2022-08-24 14:47:01 [server.js] error: "QR is not defined"
